HLTriggerFirstPath_eff	=	0.0
HLT_AK8PFJet360_TrimMass30_eff	=	0.007
HLT_AK8PFJet380_TrimMass30_eff	=	0.004
HLT_AK8PFJet400_TrimMass30_eff	=	0.004
HLT_AK8PFJet420_TrimMass30_eff	=	0.003
HLT_AK8PFHT750_TrimMass50_eff	=	0.001
HLT_AK8PFHT800_TrimMass50_eff	=	0.0
HLT_AK8PFHT850_TrimMass50_eff	=	0.0
HLT_AK8PFHT900_TrimMass50_eff	=	0.0
HLT_CaloJet500_NoJetID_eff	=	0.002
HLT_CaloJet550_NoJetID_eff	=	0.001
HLT_DoubleMu5_Upsilon_DoubleEle3_CaloIdL_TrackIdL_eff	=	0.0
HLT_DoubleMu3_DoubleEle7p5_CaloIdL_TrackIdL_Upsilon_eff	=	0.0
HLT_Trimuon5_3p5_2_Upsilon_Muon_eff	=	0.001
HLT_TrimuonOpen_5_3p5_2_Upsilon_Muon_eff	=	0.0
HLT_DoubleEle25_CaloIdL_MW_eff	=	0.051
HLT_DoubleEle27_CaloIdL_MW_eff	=	0.046
HLT_DoubleEle33_CaloIdL_MW_eff	=	0.036
HLT_DoubleEle24_eta2p1_WPTight_Gsf_eff	=	0.02
HLT_DoubleEle8_CaloIdM_TrackIdM_Mass8_DZ_PFHT350_eff	=	0.012
HLT_DoubleEle8_CaloIdM_TrackIdM_Mass8_PFHT350_eff	=	0.013
HLT_Ele27_Ele37_CaloIdL_MW_eff	=	0.043
HLT_Mu27_Ele37_CaloIdL_MW_eff	=	0.052
HLT_Mu37_Ele27_CaloIdL_MW_eff	=	0.048
HLT_Mu37_TkMu27_eff	=	0.04
HLT_DoubleMu4_3_Bs_eff	=	0.0
HLT_DoubleMu4_3_Jpsi_eff	=	0.0
HLT_DoubleMu4_JpsiTrk_Displaced_eff	=	0.0
HLT_DoubleMu4_LowMassNonResonantTrk_Displaced_eff	=	0.0
HLT_DoubleMu3_Trk_Tau3mu_eff	=	0.0
HLT_DoubleMu3_TkMu_DsTau3Mu_eff	=	0.0
HLT_DoubleMu4_PsiPrimeTrk_Displaced_eff	=	0.0
HLT_DoubleMu4_Mass3p8_DZ_PFHT350_eff	=	0.013
HLT_Mu3_PFJet40_eff	=	0.25
HLT_Mu7p5_L2Mu2_Jpsi_eff	=	0.001
HLT_Mu7p5_L2Mu2_Upsilon_eff	=	0.002
HLT_Mu7p5_Track2_Jpsi_eff	=	0.003
HLT_Mu7p5_Track3p5_Jpsi_eff	=	0.002
HLT_Mu7p5_Track7_Jpsi_eff	=	0.0
HLT_Mu7p5_Track2_Upsilon_eff	=	0.002
HLT_Mu7p5_Track3p5_Upsilon_eff	=	0.001
HLT_Mu7p5_Track7_Upsilon_eff	=	0.0
HLT_Mu3_L1SingleMu5orSingleMu7_eff	=	0.461
HLT_DoublePhoton33_CaloIdL_eff	=	0.104
HLT_DoublePhoton70_eff	=	0.022
HLT_DoublePhoton85_eff	=	0.016
HLT_Ele20_WPTight_Gsf_eff	=	0.271
HLT_Ele15_WPLoose_Gsf_eff	=	0.289
HLT_Ele17_WPLoose_Gsf_eff	=	0.283
HLT_Ele20_WPLoose_Gsf_eff	=	0.271
HLT_Ele20_eta2p1_WPLoose_Gsf_eff	=	0.25
HLT_DiEle27_WPTightCaloOnly_L1DoubleEG_eff	=	0.099
HLT_Ele27_WPTight_Gsf_eff	=	0.244
HLT_Ele28_WPTight_Gsf_eff	=	0.24
HLT_Ele30_WPTight_Gsf_eff	=	0.23
HLT_Ele32_WPTight_Gsf_eff	=	0.225
HLT_Ele35_WPTight_Gsf_eff	=	0.208
HLT_Ele35_WPTight_Gsf_L1EGMT_eff	=	0.202
HLT_Ele38_WPTight_Gsf_eff	=	0.192
HLT_Ele40_WPTight_Gsf_eff	=	0.177
HLT_Ele32_WPTight_Gsf_L1DoubleEG_eff	=	0.225
HLT_Ele24_eta2p1_WPTight_Gsf_LooseChargedIsoPFTauHPS30_eta2p1_CrossL1_eff	=	0.043
HLT_Ele24_eta2p1_WPTight_Gsf_MediumChargedIsoPFTauHPS30_eta2p1_CrossL1_eff	=	0.043
HLT_Ele24_eta2p1_WPTight_Gsf_TightChargedIsoPFTauHPS30_eta2p1_CrossL1_eff	=	0.042
HLT_Ele24_eta2p1_WPTight_Gsf_LooseChargedIsoPFTauHPS30_eta2p1_TightID_CrossL1_eff	=	0.041
HLT_Ele24_eta2p1_WPTight_Gsf_MediumChargedIsoPFTauHPS30_eta2p1_TightID_CrossL1_eff	=	0.041
HLT_Ele24_eta2p1_WPTight_Gsf_TightChargedIsoPFTauHPS30_eta2p1_TightID_CrossL1_eff	=	0.04
HLT_HT450_Beamspot_eff	=	0.031
HLT_HT300_Beamspot_eff	=	0.07
HLT_ZeroBias_Beamspot_eff	=	1.0
HLT_IsoMu20_eta2p1_LooseChargedIsoPFTauHPS27_eta2p1_CrossL1_eff	=	0.057
HLT_IsoMu20_eta2p1_MediumChargedIsoPFTauHPS27_eta2p1_CrossL1_eff	=	0.056
HLT_IsoMu20_eta2p1_TightChargedIsoPFTauHPS27_eta2p1_CrossL1_eff	=	0.055
HLT_IsoMu20_eta2p1_LooseChargedIsoPFTauHPS27_eta2p1_TightID_CrossL1_eff	=	0.053
HLT_IsoMu20_eta2p1_MediumChargedIsoPFTauHPS27_eta2p1_TightID_CrossL1_eff	=	0.053
HLT_IsoMu20_eta2p1_TightChargedIsoPFTauHPS27_eta2p1_TightID_CrossL1_eff	=	0.052
HLT_IsoMu24_eta2p1_TightChargedIsoPFTauHPS35_Trk1_eta2p1_Reg_CrossL1_eff	=	0.035
HLT_IsoMu24_eta2p1_MediumChargedIsoPFTauHPS35_Trk1_TightID_eta2p1_Reg_CrossL1_eff	=	0.033
HLT_IsoMu24_eta2p1_TightChargedIsoPFTauHPS35_Trk1_TightID_eta2p1_Reg_CrossL1_eff	=	0.033
HLT_IsoMu24_eta2p1_MediumChargedIsoPFTauHPS35_Trk1_eta2p1_Reg_CrossL1_eff	=	0.035
HLT_IsoMu27_LooseChargedIsoPFTauHPS20_Trk1_eta2p1_SingleL1_eff	=	0.059
HLT_IsoMu27_MediumChargedIsoPFTauHPS20_Trk1_eta2p1_SingleL1_eff	=	0.057
HLT_IsoMu27_TightChargedIsoPFTauHPS20_Trk1_eta2p1_SingleL1_eff	=	0.056
HLT_IsoMu20_eff	=	0.292
HLT_IsoMu24_eff	=	0.266
HLT_IsoMu24_eta2p1_eff	=	0.245
HLT_IsoMu27_eff	=	0.253
HLT_IsoMu30_eff	=	0.24
HLT_UncorrectedJetE30_NoBPTX_eff	=	0.0
HLT_UncorrectedJetE30_NoBPTX3BX_eff	=	0.0
HLT_UncorrectedJetE60_NoBPTX3BX_eff	=	0.0
HLT_UncorrectedJetE70_NoBPTX3BX_eff	=	0.0
HLT_L1SingleMu18_eff	=	0.386
HLT_L1SingleMu25_eff	=	0.353
HLT_L2Mu10_eff	=	0.352
HLT_L2Mu10_NoVertex_NoBPTX3BX_eff	=	0.0
HLT_L2Mu10_NoVertex_NoBPTX_eff	=	0.0
HLT_L2Mu45_NoVertex_3Sta_NoBPTX3BX_eff	=	0.0
HLT_L2Mu40_NoVertex_3Sta_NoBPTX3BX_eff	=	0.0
HLT_L2Mu50_eff	=	0.139
HLT_L2Mu23NoVtx_2Cha_eff	=	0.293
HLT_L2Mu23NoVtx_2Cha_CosmicSeed_eff	=	0.262
HLT_DoubleL2Mu30NoVtx_2Cha_CosmicSeed_Eta2p4_eff	=	0.025
HLT_DoubleL2Mu30NoVtx_2Cha_Eta2p4_eff	=	0.035
HLT_DoubleL2Mu50_eff	=	0.017
HLT_DoubleL2Mu23NoVtx_2Cha_CosmicSeed_eff	=	0.029
HLT_DoubleL2Mu23NoVtx_2Cha_CosmicSeed_NoL2Matched_eff	=	0.03
HLT_DoubleL2Mu25NoVtx_2Cha_CosmicSeed_eff	=	0.026
HLT_DoubleL2Mu25NoVtx_2Cha_CosmicSeed_NoL2Matched_eff	=	0.027
HLT_DoubleL2Mu25NoVtx_2Cha_CosmicSeed_Eta2p4_eff	=	0.028
HLT_DoubleL2Mu23NoVtx_2Cha_eff	=	0.04
HLT_DoubleL2Mu23NoVtx_2Cha_NoL2Matched_eff	=	0.041
HLT_DoubleL2Mu25NoVtx_2Cha_eff	=	0.035
HLT_DoubleL2Mu25NoVtx_2Cha_NoL2Matched_eff	=	0.036
HLT_DoubleL2Mu25NoVtx_2Cha_Eta2p4_eff	=	0.041
HLT_Mu17_TrkIsoVVL_Mu8_TrkIsoVVL_eff	=	0.074
HLT_Mu19_TrkIsoVVL_Mu9_TrkIsoVVL_eff	=	0.07
HLT_Mu17_TrkIsoVVL_Mu8_TrkIsoVVL_DZ_eff	=	0.074
HLT_Mu19_TrkIsoVVL_Mu9_TrkIsoVVL_DZ_eff	=	0.07
HLT_Mu17_TrkIsoVVL_Mu8_TrkIsoVVL_DZ_Mass8_eff	=	0.072
HLT_Mu19_TrkIsoVVL_Mu9_TrkIsoVVL_DZ_Mass8_eff	=	0.069
HLT_Mu17_TrkIsoVVL_Mu8_TrkIsoVVL_DZ_Mass3p8_eff	=	0.073
HLT_Mu19_TrkIsoVVL_Mu9_TrkIsoVVL_DZ_Mass3p8_eff	=	0.07
HLT_Mu25_TkMu0_Onia_eff	=	0.003
HLT_Mu30_TkMu0_Psi_eff	=	0.0
HLT_Mu30_TkMu0_Upsilon_eff	=	0.0
HLT_Mu20_TkMu0_Phi_eff	=	0.0
HLT_Mu25_TkMu0_Phi_eff	=	0.0
HLT_Mu12_eff	=	0.397
HLT_Mu15_eff	=	0.381
HLT_Mu20_eff	=	0.341
HLT_Mu27_eff	=	0.295
HLT_Mu50_eff	=	0.135
HLT_Mu55_eff	=	0.114
HLT_OldMu100_eff	=	0.037
HLT_TkMu100_eff	=	0.037
HLT_DiPFJetAve40_eff	=	0.639
HLT_DiPFJetAve60_eff	=	0.312
HLT_DiPFJetAve80_eff	=	0.172
HLT_DiPFJetAve140_eff	=	0.067
HLT_DiPFJetAve200_eff	=	0.028
HLT_DiPFJetAve260_eff	=	0.011
HLT_DiPFJetAve320_eff	=	0.006
HLT_DiPFJetAve400_eff	=	0.0
HLT_DiPFJetAve500_eff	=	0.0
HLT_DiPFJetAve60_HFJEC_eff	=	0.016
HLT_DiPFJetAve80_HFJEC_eff	=	0.006
HLT_DiPFJetAve100_HFJEC_eff	=	0.006
HLT_DiPFJetAve160_HFJEC_eff	=	0.0
HLT_DiPFJetAve220_HFJEC_eff	=	0.0
HLT_DiPFJetAve300_HFJEC_eff	=	0.0
HLT_AK8PFJet15_eff	=	0.841
HLT_AK8PFJet25_eff	=	0.984
HLT_AK8PFJet40_eff	=	0.841
HLT_AK8PFJet60_eff	=	0.506
HLT_AK8PFJet80_eff	=	0.31
HLT_AK8PFJet140_eff	=	0.111
HLT_AK8PFJet200_eff	=	0.058
HLT_AK8PFJet260_eff	=	0.03
HLT_AK8PFJet320_eff	=	0.021
HLT_AK8PFJet400_eff	=	0.01
HLT_AK8PFJet450_eff	=	0.005
HLT_AK8PFJet500_eff	=	0.002
HLT_AK8PFJet550_eff	=	0.001
HLT_PFJet15_eff	=	0.998
HLT_PFJet25_eff	=	0.939
HLT_PFJet40_eff	=	0.73
HLT_PFJet60_eff	=	0.429
HLT_PFJet80_eff	=	0.258
HLT_PFJet140_eff	=	0.098
HLT_PFJet200_eff	=	0.053
HLT_PFJet260_eff	=	0.027
HLT_PFJet320_eff	=	0.018
HLT_PFJet400_eff	=	0.009
HLT_PFJet450_eff	=	0.007
HLT_PFJet500_eff	=	0.002
HLT_PFJet550_eff	=	0.001
HLT_PFJetFwd15_eff	=	0.77
HLT_PFJetFwd25_eff	=	0.292
HLT_PFJetFwd40_eff	=	0.112
HLT_PFJetFwd60_eff	=	0.026
HLT_PFJetFwd80_eff	=	0.009
HLT_PFJetFwd140_eff	=	0.004
HLT_PFJetFwd200_eff	=	0.0
HLT_PFJetFwd260_eff	=	0.0
HLT_PFJetFwd320_eff	=	0.0
HLT_PFJetFwd400_eff	=	0.0
HLT_PFJetFwd450_eff	=	0.0
HLT_PFJetFwd500_eff	=	0.0
HLT_AK8PFJetFwd15_eff	=	0.994
HLT_AK8PFJetFwd25_eff	=	0.742
HLT_AK8PFJetFwd40_eff	=	0.255
HLT_AK8PFJetFwd60_eff	=	0.039
HLT_AK8PFJetFwd80_eff	=	0.01
HLT_AK8PFJetFwd140_eff	=	0.004
HLT_AK8PFJetFwd200_eff	=	0.001
HLT_AK8PFJetFwd260_eff	=	0.0
HLT_AK8PFJetFwd320_eff	=	0.0
HLT_AK8PFJetFwd400_eff	=	0.0
HLT_AK8PFJetFwd450_eff	=	0.0
HLT_AK8PFJetFwd500_eff	=	0.0
HLT_PFHT180_eff	=	0.171
HLT_PFHT250_eff	=	0.099
HLT_PFHT370_eff	=	0.053
HLT_PFHT430_eff	=	0.037
HLT_PFHT510_eff	=	0.021
HLT_PFHT590_eff	=	0.016
HLT_PFHT680_eff	=	0.009
HLT_PFHT780_eff	=	0.005
HLT_PFHT890_eff	=	0.0
HLT_PFHT1050_eff	=	0.0
HLT_PFHT500_PFMET100_PFMHT100_IDTight_eff	=	0.016
HLT_PFHT500_PFMET110_PFMHT110_IDTight_eff	=	0.013
HLT_PFHT700_PFMET85_PFMHT85_IDTight_eff	=	0.006
HLT_PFHT700_PFMET95_PFMHT95_IDTight_eff	=	0.005
HLT_PFHT800_PFMET75_PFMHT75_IDTight_eff	=	0.002
HLT_PFHT800_PFMET85_PFMHT85_IDTight_eff	=	0.002
HLT_PFMET110_PFMHT110_IDTight_eff	=	0.049
HLT_PFMET120_PFMHT120_IDTight_eff	=	0.041
HLT_PFMET130_PFMHT130_IDTight_eff	=	0.033
HLT_PFMET140_PFMHT140_IDTight_eff	=	0.03
HLT_PFMET100_PFMHT100_IDTight_CaloBTagDeepCSV_3p1_eff	=	0.007
HLT_PFMET110_PFMHT110_IDTight_CaloBTagDeepCSV_3p1_eff	=	0.006
HLT_PFMET120_PFMHT120_IDTight_CaloBTagDeepCSV_3p1_eff	=	0.005
HLT_PFMET130_PFMHT130_IDTight_CaloBTagDeepCSV_3p1_eff	=	0.004
HLT_PFMET140_PFMHT140_IDTight_CaloBTagDeepCSV_3p1_eff	=	0.004
HLT_PFMET120_PFMHT120_IDTight_PFHT60_eff	=	0.041
HLT_PFMETNoMu120_PFMHTNoMu120_IDTight_PFHT60_eff	=	0.058
HLT_PFMETTypeOne120_PFMHT120_IDTight_PFHT60_eff	=	0.05
HLT_PFMETTypeOne110_PFMHT110_IDTight_eff	=	0.057
HLT_PFMETTypeOne120_PFMHT120_IDTight_eff	=	0.05
HLT_PFMETTypeOne130_PFMHT130_IDTight_eff	=	0.037
HLT_PFMETTypeOne140_PFMHT140_IDTight_eff	=	0.032
HLT_PFMETNoMu110_PFMHTNoMu110_IDTight_eff	=	0.067
HLT_PFMETNoMu120_PFMHTNoMu120_IDTight_eff	=	0.058
HLT_PFMETNoMu130_PFMHTNoMu130_IDTight_eff	=	0.052
HLT_PFMETNoMu140_PFMHTNoMu140_IDTight_eff	=	0.048
HLT_MonoCentralPFJet80_PFMETNoMu110_PFMHTNoMu110_IDTight_eff	=	0.064
HLT_MonoCentralPFJet80_PFMETNoMu120_PFMHTNoMu120_IDTight_eff	=	0.057
HLT_MonoCentralPFJet80_PFMETNoMu130_PFMHTNoMu130_IDTight_eff	=	0.051
HLT_MonoCentralPFJet80_PFMETNoMu140_PFMHTNoMu140_IDTight_eff	=	0.047
HLT_L1ETMHadSeeds_eff	=	0.108
HLT_CaloMHT90_eff	=	0.096
HLT_CaloMET80_NotCleaned_eff	=	0.095
HLT_CaloMET90_NotCleaned_eff	=	0.09
HLT_CaloMET100_NotCleaned_eff	=	0.081
HLT_CaloMET110_NotCleaned_eff	=	0.075
HLT_CaloMET250_NotCleaned_eff	=	0.016
HLT_CaloMET70_HBHECleaned_eff	=	0.095
HLT_CaloMET80_HBHECleaned_eff	=	0.09
HLT_CaloMET90_HBHECleaned_eff	=	0.081
HLT_CaloMET100_HBHECleaned_eff	=	0.075
HLT_CaloMET250_HBHECleaned_eff	=	0.016
HLT_CaloMET300_HBHECleaned_eff	=	0.009
HLT_CaloMET350_HBHECleaned_eff	=	0.006
HLT_PFMET200_NotCleaned_eff	=	0.013
HLT_PFMET200_HBHECleaned_eff	=	0.013
HLT_PFMET250_HBHECleaned_eff	=	0.006
HLT_PFMET300_HBHECleaned_eff	=	0.004
HLT_PFMET200_HBHE_BeamHaloCleaned_eff	=	0.012
HLT_PFMETTypeOne200_HBHE_BeamHaloCleaned_eff	=	0.016
HLT_MET105_IsoTrk50_eff	=	0.022
HLT_MET120_IsoTrk50_eff	=	0.02
HLT_SingleJet30_Mu12_SinglePFJet40_eff	=	0.021
HLT_Mu12_DoublePFJets40_CaloBTagDeepCSV_p71_eff	=	0.002
HLT_Mu12_DoublePFJets100_CaloBTagDeepCSV_p71_eff	=	0.0
HLT_Mu12_DoublePFJets200_CaloBTagDeepCSV_p71_eff	=	0.0
HLT_Mu12_DoublePFJets350_CaloBTagDeepCSV_p71_eff	=	0.0
HLT_Mu12_DoublePFJets40MaxDeta1p6_DoubleCaloBTagDeepCSV_p71_eff	=	0.0
HLT_Mu12_DoublePFJets54MaxDeta1p6_DoubleCaloBTagDeepCSV_p71_eff	=	0.0
HLT_Mu12_DoublePFJets62MaxDeta1p6_DoubleCaloBTagDeepCSV_p71_eff	=	0.0
HLT_DoublePFJets40_CaloBTagDeepCSV_p71_eff	=	0.006
HLT_DoublePFJets100_CaloBTagDeepCSV_p71_eff	=	0.0
HLT_DoublePFJets200_CaloBTagDeepCSV_p71_eff	=	0.0
HLT_DoublePFJets350_CaloBTagDeepCSV_p71_eff	=	0.0
HLT_DoublePFJets116MaxDeta1p6_DoubleCaloBTagDeepCSV_p71_eff	=	0.0
HLT_DoublePFJets128MaxDeta1p6_DoubleCaloBTagDeepCSV_p71_eff	=	0.0
HLT_Photon300_NoHE_eff	=	0.011
HLT_Mu8_TrkIsoVVL_eff	=	0.425
HLT_Mu8_DiEle12_CaloIdL_TrackIdL_DZ_eff	=	0.002
HLT_Mu8_DiEle12_CaloIdL_TrackIdL_eff	=	0.005
HLT_Mu8_Ele8_CaloIdM_TrackIdM_Mass8_PFHT350_DZ_eff	=	0.016
HLT_Mu8_Ele8_CaloIdM_TrackIdM_Mass8_PFHT350_eff	=	0.016
HLT_Mu8_TrkIsoVVL_Ele23_CaloIdL_TrackIdL_IsoVL_DZ_eff	=	0.082
HLT_Mu8_TrkIsoVVL_Ele23_CaloIdL_TrackIdL_IsoVL_DZ_PFDiJet30_eff	=	0.078
HLT_Mu8_TrkIsoVVL_Ele23_CaloIdL_TrackIdL_IsoVL_DZ_CaloDiJet30_eff	=	0.061
HLT_Mu8_TrkIsoVVL_Ele23_CaloIdL_TrackIdL_IsoVL_DZ_PFDiJet30_PFBtagDeepCSV_1p5_eff	=	0.001
HLT_Mu8_TrkIsoVVL_Ele23_CaloIdL_TrackIdL_IsoVL_DZ_CaloDiJet30_CaloBtagDeepCSV_1p5_eff	=	0.001
HLT_Mu8_TrkIsoVVL_Ele23_CaloIdL_TrackIdL_IsoVL_eff	=	0.086
HLT_Mu17_TrkIsoVVL_eff	=	0.363
HLT_Mu19_TrkIsoVVL_eff	=	0.346
HLT_BTagMu_AK4DiJet20_Mu5_eff	=	0.03
HLT_BTagMu_AK4DiJet40_Mu5_eff	=	0.012
HLT_BTagMu_AK4DiJet70_Mu5_eff	=	0.006
HLT_BTagMu_AK4DiJet110_Mu5_eff	=	0.002
HLT_BTagMu_AK4DiJet170_Mu5_eff	=	0.0
HLT_BTagMu_AK4Jet300_Mu5_eff	=	0.0
HLT_BTagMu_AK8DiJet170_Mu5_eff	=	0.001
HLT_BTagMu_AK8Jet170_DoubleMu5_eff	=	0.0
HLT_BTagMu_AK8Jet300_Mu5_eff	=	0.0
HLT_BTagMu_AK4DiJet20_Mu5_noalgo_eff	=	0.095
HLT_BTagMu_AK4DiJet40_Mu5_noalgo_eff	=	0.034
HLT_BTagMu_AK4DiJet70_Mu5_noalgo_eff	=	0.011
HLT_BTagMu_AK4DiJet110_Mu5_noalgo_eff	=	0.003
HLT_BTagMu_AK4DiJet170_Mu5_noalgo_eff	=	0.0
HLT_BTagMu_AK4Jet300_Mu5_noalgo_eff	=	0.0
HLT_BTagMu_AK8DiJet170_Mu5_noalgo_eff	=	0.001
HLT_BTagMu_AK8Jet170_DoubleMu5_noalgo_eff	=	0.0
HLT_BTagMu_AK8Jet300_Mu5_noalgo_eff	=	0.0
HLT_Ele15_Ele8_CaloIdL_TrackIdL_IsoVL_eff	=	0.064
HLT_Ele23_Ele12_CaloIdL_TrackIdL_IsoVL_DZ_eff	=	0.053
HLT_Ele23_Ele12_CaloIdL_TrackIdL_IsoVL_eff	=	0.06
HLT_Mu23_TrkIsoVVL_Ele12_CaloIdL_TrackIdL_IsoVL_DZ_eff	=	0.079
HLT_Mu23_TrkIsoVVL_Ele12_CaloIdL_TrackIdL_IsoVL_eff	=	0.083
HLT_Mu12_TrkIsoVVL_Ele23_CaloIdL_TrackIdL_IsoVL_eff	=	0.082
HLT_Mu12_TrkIsoVVL_Ele23_CaloIdL_TrackIdL_IsoVL_DZ_eff	=	0.078
HLT_Mu12_DoublePhoton20_eff	=	0.071
HLT_TriplePhoton_20_20_20_CaloIdLV2_eff	=	0.029
HLT_TriplePhoton_20_20_20_CaloIdLV2_R9IdVL_eff	=	0.024
HLT_TriplePhoton_30_30_10_CaloIdLV2_eff	=	0.045
HLT_TriplePhoton_30_30_10_CaloIdLV2_R9IdVL_eff	=	0.04
HLT_TriplePhoton_35_35_5_CaloIdLV2_R9IdVL_eff	=	0.043
HLT_Photon20_eff	=	0.595
HLT_Photon33_eff	=	0.403
HLT_Photon50_eff	=	0.234
HLT_Photon75_eff	=	0.109
HLT_Photon90_eff	=	0.081
HLT_Photon120_eff	=	0.054
HLT_Photon150_eff	=	0.036
HLT_Photon175_eff	=	0.028
HLT_Photon200_eff	=	0.019
HLT_Photon100EB_TightID_TightIso_eff	=	0.048
HLT_Photon110EB_TightID_TightIso_eff	=	0.039
HLT_Photon120EB_TightID_TightIso_eff	=	0.035
HLT_Photon100EBHE10_eff	=	0.054
HLT_Photon100EEHE10_eff	=	0.02
HLT_Photon100EE_TightID_TightIso_eff	=	0.013
HLT_Photon50_R9Id90_HE10_IsoM_eff	=	0.16
HLT_Photon75_R9Id90_HE10_IsoM_eff	=	0.081
HLT_Photon75_R9Id90_HE10_IsoM_EBOnly_CaloMJJ300_PFJetsMJJ400DEta3_eff	=	0.002
HLT_Photon75_R9Id90_HE10_IsoM_EBOnly_CaloMJJ400_PFJetsMJJ600DEta3_eff	=	0.002
HLT_Photon90_R9Id90_HE10_IsoM_eff	=	0.065
HLT_Photon120_R9Id90_HE10_IsoM_eff	=	0.04
HLT_Photon165_R9Id90_HE10_IsoM_eff	=	0.024
HLT_Photon90_CaloIdL_PFHT700_eff	=	0.01
HLT_Diphoton30_22_R9Id_OR_IsoCaloId_AND_HE_R9Id_Mass90_eff	=	0.09
HLT_Diphoton30_22_R9Id_OR_IsoCaloId_AND_HE_R9Id_Mass95_eff	=	0.084
HLT_Diphoton30PV_18PV_R9Id_AND_IsoCaloId_AND_HE_R9Id_PixelVeto_Mass55_eff	=	0.009
HLT_Diphoton30PV_18PV_R9Id_AND_IsoCaloId_AND_HE_R9Id_NoPixelVeto_Mass55_eff	=	0.119
HLT_Photon35_TwoProngs35_eff	=	0.063
HLT_IsoMu24_TwoProngs35_eff	=	0.204
HLT_Dimuon0_Jpsi_L1_NoOS_eff	=	0.0
HLT_Dimuon0_Jpsi_NoVertexing_NoOS_eff	=	0.0
HLT_Dimuon0_Jpsi_eff	=	0.0
HLT_Dimuon0_Jpsi_NoVertexing_eff	=	0.0
HLT_Dimuon0_Jpsi_L1_4R_0er1p5R_eff	=	0.0
HLT_Dimuon0_Jpsi_NoVertexing_L1_4R_0er1p5R_eff	=	0.0
HLT_Dimuon0_Jpsi3p5_Muon2_eff	=	0.0
HLT_Dimuon0_Upsilon_L1_4p5_eff	=	0.002
HLT_Dimuon0_Upsilon_L1_5_eff	=	0.002
HLT_Dimuon0_Upsilon_L1_4p5NoOS_eff	=	0.002
HLT_Dimuon0_Upsilon_L1_4p5er2p0_eff	=	0.001
HLT_Dimuon0_Upsilon_L1_4p5er2p0M_eff	=	0.001
HLT_Dimuon0_Upsilon_NoVertexing_eff	=	0.001
HLT_Dimuon0_Upsilon_L1_5M_eff	=	0.001
HLT_Dimuon0_LowMass_L1_0er1p5R_eff	=	0.001
HLT_Dimuon0_LowMass_L1_0er1p5_eff	=	0.001
HLT_Dimuon0_LowMass_eff	=	0.001
HLT_Dimuon0_LowMass_L1_4_eff	=	0.001
HLT_Dimuon0_LowMass_L1_4R_eff	=	0.001
HLT_Dimuon0_LowMass_L1_TM530_eff	=	0.0
HLT_Dimuon0_Upsilon_Muon_L1_TM0_eff	=	0.002
HLT_Dimuon0_Upsilon_Muon_NoL1Mass_eff	=	0.002
HLT_TripleMu_5_3_3_Mass3p8_DZ_eff	=	0.001
HLT_TripleMu_10_5_5_DZ_eff	=	0.001
HLT_TripleMu_12_10_5_eff	=	0.001
HLT_Tau3Mu_Mu7_Mu1_TkMu1_Tau15_eff	=	0.0
HLT_Tau3Mu_Mu7_Mu1_TkMu1_Tau15_Charge1_eff	=	0.0
HLT_Tau3Mu_Mu7_Mu1_TkMu1_IsoTau15_eff	=	0.0
HLT_Tau3Mu_Mu7_Mu1_TkMu1_IsoTau15_Charge1_eff	=	0.0
HLT_DoubleMu3_DZ_PFMET50_PFMHT60_eff	=	0.004
HLT_DoubleMu3_DZ_PFMET70_PFMHT70_eff	=	0.002
HLT_DoubleMu3_DZ_PFMET90_PFMHT90_eff	=	0.002
HLT_DoubleMu3_Trk_Tau3mu_NoL1Mass_eff	=	0.0
HLT_DoubleMu4_Jpsi_Displaced_eff	=	0.0
HLT_DoubleMu4_Jpsi_NoVertexing_eff	=	0.0
HLT_DoubleMu4_JpsiTrkTrk_Displaced_eff	=	0.0
HLT_DoubleMu43NoFiltersNoVtx_eff	=	0.024
HLT_DoubleMu48NoFiltersNoVtx_eff	=	0.019
HLT_Mu43NoFiltersNoVtx_Photon43_CaloIdL_eff	=	0.051
HLT_Mu48NoFiltersNoVtx_Photon48_CaloIdL_eff	=	0.04
HLT_Mu38NoFiltersNoVtxDisplaced_Photon38_CaloIdL_eff	=	0.005
HLT_Mu43NoFiltersNoVtxDisplaced_Photon43_CaloIdL_eff	=	0.003
HLT_DoubleMu33NoFiltersNoVtxDisplaced_eff	=	0.0
HLT_DoubleMu40NoFiltersNoVtxDisplaced_eff	=	0.0
HLT_DoubleMu20_7_Mass0to30_L1_DM4_eff	=	0.005
HLT_DoubleMu20_7_Mass0to30_L1_DM4EG_eff	=	0.007
HLT_HT425_eff	=	0.037
HLT_HT430_DisplacedDijet40_DisplacedTrack_eff	=	0.0
HLT_HT500_DisplacedDijet40_DisplacedTrack_eff	=	0.0
HLT_HT430_DisplacedDijet60_DisplacedTrack_eff	=	0.0
HLT_HT400_DisplacedDijet40_DisplacedTrack_eff	=	0.0
HLT_HT650_DisplacedDijet60_Inclusive_eff	=	0.001
HLT_HT550_DisplacedDijet60_Inclusive_eff	=	0.001
HLT_DiJet110_35_Mjj650_PFMET110_eff	=	0.005
HLT_DiJet110_35_Mjj650_PFMET120_eff	=	0.005
HLT_DiJet110_35_Mjj650_PFMET130_eff	=	0.005
HLT_TripleJet110_35_35_Mjj650_PFMET110_eff	=	0.001
HLT_TripleJet110_35_35_Mjj650_PFMET120_eff	=	0.001
HLT_TripleJet110_35_35_Mjj650_PFMET130_eff	=	0.001
HLT_Ele30_eta2p1_WPTight_Gsf_CentralPFJet35_EleCleaned_eff	=	0.154
HLT_Ele28_eta2p1_WPTight_Gsf_HT150_eff	=	0.106
HLT_Ele28_HighEta_SC20_Mass55_eff	=	0.02
HLT_DoubleMu20_7_Mass0to30_Photon23_eff	=	0.0
HLT_Ele15_IsoVVVL_PFHT450_CaloBTagDeepCSV_4p5_eff	=	0.004
HLT_Ele15_IsoVVVL_PFHT450_PFMET50_eff	=	0.016
HLT_Ele15_IsoVVVL_PFHT450_eff	=	0.02
HLT_Ele50_IsoVVVL_PFHT450_eff	=	0.017
HLT_Ele15_IsoVVVL_PFHT600_eff	=	0.012
HLT_Mu4_TrkIsoVVL_DiPFJet90_40_DEta3p5_MJJ750_HTT300_PFMETNoMu60_eff	=	0.002
HLT_Mu8_TrkIsoVVL_DiPFJet40_DEta3p5_MJJ750_HTT300_PFMETNoMu60_eff	=	0.002
HLT_Mu10_TrkIsoVVL_DiPFJet40_DEta3p5_MJJ750_HTT350_PFMETNoMu60_eff	=	0.002
HLT_Mu15_IsoVVVL_PFHT450_CaloBTagDeepCSV_4p5_eff	=	0.002
HLT_Mu15_IsoVVVL_PFHT450_PFMET50_eff	=	0.015
HLT_Mu15_IsoVVVL_PFHT450_eff	=	0.02
HLT_Mu50_IsoVVVL_PFHT450_eff	=	0.018
HLT_Mu15_IsoVVVL_PFHT600_eff	=	0.013
HLT_Mu3er1p5_PFJet100er2p5_PFMET70_PFMHT70_IDTight_eff	=	0.025
HLT_Mu3er1p5_PFJet100er2p5_PFMET80_PFMHT80_IDTight_eff	=	0.022
HLT_Mu3er1p5_PFJet100er2p5_PFMET90_PFMHT90_IDTight_eff	=	0.022
HLT_Mu3er1p5_PFJet100er2p5_PFMET100_PFMHT100_IDTight_eff	=	0.02
HLT_Mu3er1p5_PFJet100er2p5_PFMETNoMu70_PFMHTNoMu70_IDTight_eff	=	0.043
HLT_Mu3er1p5_PFJet100er2p5_PFMETNoMu80_PFMHTNoMu80_IDTight_eff	=	0.04
HLT_Mu3er1p5_PFJet100er2p5_PFMETNoMu90_PFMHTNoMu90_IDTight_eff	=	0.035
HLT_Mu3er1p5_PFJet100er2p5_PFMETNoMu100_PFMHTNoMu100_IDTight_eff	=	0.035
HLT_Dimuon10_PsiPrime_Barrel_Seagulls_eff	=	0.0
HLT_Dimuon20_Jpsi_Barrel_Seagulls_eff	=	0.0
HLT_Dimuon12_Upsilon_y1p4_eff	=	0.001
HLT_Dimuon14_Phi_Barrel_Seagulls_eff	=	0.001
HLT_Dimuon18_PsiPrime_eff	=	0.0
HLT_Dimuon25_Jpsi_eff	=	0.0
HLT_Dimuon18_PsiPrime_noCorrL1_eff	=	0.0
HLT_Dimuon24_Upsilon_noCorrL1_eff	=	0.0
HLT_Dimuon24_Phi_noCorrL1_eff	=	0.001
HLT_Dimuon25_Jpsi_noCorrL1_eff	=	0.0
HLT_DiMu4_Ele9_CaloIdL_TrackIdL_DZ_Mass3p8_eff	=	0.003
HLT_DiMu9_Ele9_CaloIdL_TrackIdL_DZ_eff	=	0.002
HLT_DiMu9_Ele9_CaloIdL_TrackIdL_eff	=	0.002
HLT_DoubleIsoMu20_eta2p1_eff	=	0.03
HLT_TrkMu12_DoubleTrkMu5NoFiltersNoVtx_eff	=	0.001
HLT_TrkMu16_DoubleTrkMu6NoFiltersNoVtx_eff	=	0.001
HLT_TrkMu17_DoubleTrkMu8NoFiltersNoVtx_eff	=	0.001
HLT_Mu8_eff	=	0.43
HLT_Mu17_eff	=	0.366
HLT_Mu19_eff	=	0.348
HLT_Mu17_Photon30_IsoCaloId_eff	=	0.112
HLT_Ele8_CaloIdL_TrackIdL_IsoVL_PFJet30_eff	=	0.294
HLT_Ele12_CaloIdL_TrackIdL_IsoVL_PFJet30_eff	=	0.282
HLT_Ele15_CaloIdL_TrackIdL_IsoVL_PFJet30_eff	=	0.275
HLT_Ele23_CaloIdL_TrackIdL_IsoVL_PFJet30_eff	=	0.243
HLT_Ele8_CaloIdM_TrackIdM_PFJet30_eff	=	0.308
HLT_Ele17_CaloIdM_TrackIdM_PFJet30_eff	=	0.272
HLT_Ele23_CaloIdM_TrackIdM_PFJet30_eff	=	0.249
HLT_Ele50_CaloIdVT_GsfTrkIdT_PFJet165_eff	=	0.034
HLT_Ele115_CaloIdVT_GsfTrkIdT_eff	=	0.035
HLT_Ele135_CaloIdVT_GsfTrkIdT_eff	=	0.027
HLT_Ele145_CaloIdVT_GsfTrkIdT_eff	=	0.024
HLT_Ele200_CaloIdVT_GsfTrkIdT_eff	=	0.011
HLT_Ele250_CaloIdVT_GsfTrkIdT_eff	=	0.007
HLT_Ele300_CaloIdVT_GsfTrkIdT_eff	=	0.007
HLT_PFHT330PT30_QuadPFJet_75_60_45_40_TriplePFBTagDeepCSV_4p5_eff	=	0.0
HLT_PFHT330PT30_QuadPFJet_75_60_45_40_eff	=	0.011
HLT_PFHT400_SixPFJet32_DoublePFBTagDeepCSV_2p94_eff	=	0.0
HLT_PFHT400_SixPFJet32_eff	=	0.003
HLT_PFHT450_SixPFJet36_PFBTagDeepCSV_1p59_eff	=	0.001
HLT_PFHT450_SixPFJet36_eff	=	0.002
HLT_PFHT350_eff	=	0.058
HLT_PFHT350MinPFJet15_eff	=	0.08
HLT_Photon60_R9Id90_CaloIdL_IsoL_eff	=	0.126
HLT_Photon60_R9Id90_CaloIdL_IsoL_DisplacedIdL_eff	=	0.059
HLT_Photon60_R9Id90_CaloIdL_IsoL_DisplacedIdL_PFHT350MinPFJet15_eff	=	0.027
HLT_ECALHT800_eff	=	0.0
HLT_DiSC30_18_EIso_AND_HE_Mass70_eff	=	0.13
HLT_Physics_eff	=	1.0
HLT_Physics_part0_eff	=	1.0
HLT_Physics_part1_eff	=	1.0
HLT_Physics_part2_eff	=	1.0
HLT_Physics_part3_eff	=	1.0
HLT_Physics_part4_eff	=	1.0
HLT_Physics_part5_eff	=	1.0
HLT_Physics_part6_eff	=	1.0
HLT_Physics_part7_eff	=	1.0
HLT_Random_eff	=	1.0
HLT_ZeroBias_eff	=	1.0
HLT_ZeroBias_Alignment_eff	=	1.0
HLT_ZeroBias_part0_eff	=	1.0
HLT_ZeroBias_part1_eff	=	1.0
HLT_ZeroBias_part2_eff	=	1.0
HLT_ZeroBias_part3_eff	=	1.0
HLT_ZeroBias_part4_eff	=	1.0
HLT_ZeroBias_part5_eff	=	1.0
HLT_ZeroBias_part6_eff	=	1.0
HLT_ZeroBias_part7_eff	=	1.0
HLT_AK4CaloJet30_eff	=	0.916
HLT_AK4CaloJet40_eff	=	0.796
HLT_AK4CaloJet50_eff	=	0.655
HLT_AK4CaloJet80_eff	=	0.321
HLT_AK4CaloJet100_eff	=	0.205
HLT_AK4CaloJet120_eff	=	0.144
HLT_AK4PFJet30_eff	=	0.87
HLT_AK4PFJet50_eff	=	0.569
HLT_AK4PFJet80_eff	=	0.26
HLT_AK4PFJet100_eff	=	0.168
HLT_AK4PFJet120_eff	=	0.123
HLT_SinglePhoton10_Eta3p1ForPPRef_eff	=	0.921
HLT_SinglePhoton20_Eta3p1ForPPRef_eff	=	0.657
HLT_SinglePhoton30_Eta3p1ForPPRef_eff	=	0.494
HLT_Photon20_HoverELoose_eff	=	0.599
HLT_Photon30_HoverELoose_eff	=	0.444
HLT_EcalCalibration_eff	=	1.0
HLT_HcalCalibration_eff	=	1.0
HLT_L1UnpairedBunchBptxMinus_eff	=	0.0
HLT_L1UnpairedBunchBptxPlus_eff	=	0.0
HLT_L1NotBptxOR_eff	=	0.0
HLT_L1_CDC_SingleMu_3_er1p2_TOP120_DPHI2p618_3p142_eff	=	0.0
HLT_CDC_L2cosmic_5_er1p0_eff	=	0.0
HLT_CDC_L2cosmic_5p5_er1p0_eff	=	0.0
HLT_HcalNZS_eff	=	1.0
HLT_HcalPhiSym_eff	=	0.923
HLT_HcalIsolatedbunch_eff	=	0.0
HLT_IsoTrackHB_eff	=	0.041
HLT_IsoTrackHE_eff	=	0.018
HLT_ZeroBias_FirstCollisionAfterAbortGap_eff	=	0.0
HLT_ZeroBias_IsolatedBunches_eff	=	0.0
HLT_ZeroBias_FirstCollisionInTrain_eff	=	0.0
HLT_ZeroBias_LastCollisionInTrain_eff	=	0.0
HLT_ZeroBias_FirstBXAfterTrain_eff	=	0.0
HLT_IsoMu24_eta2p1_MediumChargedIsoPFTau50_Trk30_eta2p1_1pr_eff	=	0.024
HLT_MediumChargedIsoPFTau50_Trk30_eta2p1_1pr_MET90_eff	=	0.033
HLT_MediumChargedIsoPFTau50_Trk30_eta2p1_1pr_MET100_eff	=	0.031
HLT_MediumChargedIsoPFTau50_Trk30_eta2p1_1pr_MET110_eff	=	0.029
HLT_MediumChargedIsoPFTau50_Trk30_eta2p1_1pr_MET120_eff	=	0.027
HLT_MediumChargedIsoPFTau50_Trk30_eta2p1_1pr_MET130_eff	=	0.023
HLT_MediumChargedIsoPFTau50_Trk30_eta2p1_1pr_MET140_eff	=	0.022
HLT_MediumChargedIsoPFTau50_Trk30_eta2p1_1pr_eff	=	0.014
HLT_MediumChargedIsoPFTau180HighPtRelaxedIso_Trk50_eta2p1_1pr_eff	=	0.015
HLT_MediumChargedIsoPFTau180HighPtRelaxedIso_Trk50_eta2p1_eff	=	0.018
HLT_MediumChargedIsoPFTau200HighPtRelaxedIso_Trk50_eta2p1_eff	=	0.014
HLT_MediumChargedIsoPFTau220HighPtRelaxedIso_Trk50_eta2p1_eff	=	0.012
HLT_Ele16_Ele12_Ele8_CaloIdL_TrackIdL_eff	=	0.0
HLT_Rsq0p35_eff	=	0.006
HLT_Rsq0p40_eff	=	0.005
HLT_RsqMR300_Rsq0p09_MR200_eff	=	0.019
HLT_RsqMR320_Rsq0p09_MR200_eff	=	0.018
HLT_RsqMR300_Rsq0p09_MR200_4jet_eff	=	0.006
HLT_RsqMR320_Rsq0p09_MR200_4jet_eff	=	0.005
HLT_IsoMu27_MET90_eff	=	0.047
HLT_DoubleTightChargedIsoPFTauHPS35_Trk1_eta2p1_Reg_eff	=	0.029
HLT_DoubleMediumChargedIsoPFTauHPS35_Trk1_TightID_eta2p1_Reg_eff	=	0.03
HLT_DoubleMediumChargedIsoPFTauHPS35_Trk1_eta2p1_Reg_eff	=	0.033
HLT_DoubleTightChargedIsoPFTauHPS35_Trk1_TightID_eta2p1_Reg_eff	=	0.027
HLT_DoubleMediumChargedIsoPFTauHPS40_Trk1_eta2p1_Reg_eff	=	0.026
HLT_DoubleTightChargedIsoPFTauHPS40_Trk1_eta2p1_Reg_eff	=	0.022
HLT_DoubleMediumChargedIsoPFTauHPS40_Trk1_TightID_eta2p1_Reg_eff	=	0.023
HLT_DoubleTightChargedIsoPFTauHPS40_Trk1_TightID_eta2p1_Reg_eff	=	0.02
HLT_VBF_DoubleLooseChargedIsoPFTauHPS20_Trk1_eta2p1_eff	=	0.0
HLT_VBF_DoubleMediumChargedIsoPFTauHPS20_Trk1_eta2p1_eff	=	0.0
HLT_VBF_DoubleTightChargedIsoPFTauHPS20_Trk1_eta2p1_eff	=	0.0
HLT_Photon50_R9Id90_HE10_IsoM_EBOnly_PFJetsMJJ300DEta3_PFMET50_eff	=	0.004
HLT_Photon75_R9Id90_HE10_IsoM_EBOnly_PFJetsMJJ300DEta3_eff	=	0.003
HLT_Photon75_R9Id90_HE10_IsoM_EBOnly_PFJetsMJJ600DEta3_eff	=	0.002
HLT_PFMET100_PFMHT100_IDTight_PFHT60_eff	=	0.061
HLT_PFMETNoMu100_PFMHTNoMu100_IDTight_PFHT60_eff	=	0.08
HLT_PFMETTypeOne100_PFMHT100_IDTight_PFHT60_eff	=	0.065
HLT_Mu18_Mu9_SameSign_eff	=	0.002
HLT_Mu18_Mu9_SameSign_DZ_eff	=	0.001
HLT_Mu18_Mu9_eff	=	0.072
HLT_Mu18_Mu9_DZ_eff	=	0.071
HLT_Mu20_Mu10_SameSign_eff	=	0.001
HLT_Mu20_Mu10_SameSign_DZ_eff	=	0.001
HLT_Mu20_Mu10_eff	=	0.069
HLT_Mu20_Mu10_DZ_eff	=	0.069
HLT_Mu23_Mu12_SameSign_eff	=	0.001
HLT_Mu23_Mu12_SameSign_DZ_eff	=	0.001
HLT_Mu23_Mu12_eff	=	0.064
HLT_Mu23_Mu12_DZ_eff	=	0.064
HLT_DoubleMu2_Jpsi_DoubleTrk1_Phi1p05_eff	=	0.0
HLT_DoubleMu2_Jpsi_DoubleTkMu0_Phi_eff	=	0.0
HLT_DoubleMu3_DCA_PFMET50_PFMHT60_eff	=	0.005
HLT_TripleMu_5_3_3_Mass3p8_DCA_eff	=	0.001
HLT_QuadPFJet98_83_71_15_DoublePFBTagDeepCSV_1p3_7p7_VBF1_eff	=	0.0
HLT_QuadPFJet103_88_75_15_DoublePFBTagDeepCSV_1p3_7p7_VBF1_eff	=	0.0
HLT_QuadPFJet111_90_80_15_DoublePFBTagDeepCSV_1p3_7p7_VBF1_eff	=	0.0
HLT_QuadPFJet98_83_71_15_PFBTagDeepCSV_1p3_VBF2_eff	=	0.0
HLT_QuadPFJet103_88_75_15_PFBTagDeepCSV_1p3_VBF2_eff	=	0.0
HLT_QuadPFJet105_88_76_15_PFBTagDeepCSV_1p3_VBF2_eff	=	0.0
HLT_QuadPFJet111_90_80_15_PFBTagDeepCSV_1p3_VBF2_eff	=	0.0
HLT_QuadPFJet98_83_71_15_eff	=	0.018
HLT_QuadPFJet103_88_75_15_eff	=	0.014
HLT_QuadPFJet105_88_76_15_eff	=	0.013
HLT_QuadPFJet111_90_80_15_eff	=	0.013
HLT_AK8PFJet330_TrimMass30_PFAK8BTagDeepCSV_p17_eff	=	0.0
HLT_AK8PFJet330_TrimMass30_PFAK8BTagDeepCSV_p1_eff	=	0.0
HLT_AK8PFJet330_TrimMass30_PFAK8BoostedDoubleB_p02_eff	=	0.0
HLT_AK8PFJet330_TrimMass30_PFAK8BoostedDoubleB_np2_eff	=	0.006
HLT_AK8PFJet330_TrimMass30_PFAK8BoostedDoubleB_np4_eff	=	0.006
HLT_Diphoton30_18_R9IdL_AND_HE_AND_IsoCaloId_NoPixelVeto_Mass55_eff	=	0.104
HLT_Diphoton30_18_R9IdL_AND_HE_AND_IsoCaloId_NoPixelVeto_eff	=	0.125
HLT_Mu12_IP6_part0_eff	=	0.006
HLT_Mu12_IP6_part1_eff	=	0.006
HLT_Mu12_IP6_part2_eff	=	0.006
HLT_Mu12_IP6_part3_eff	=	0.006
HLT_Mu12_IP6_part4_eff	=	0.006
HLT_Mu9_IP5_part0_eff	=	0.007
HLT_Mu9_IP5_part1_eff	=	0.007
HLT_Mu9_IP5_part2_eff	=	0.007
HLT_Mu9_IP5_part3_eff	=	0.007
HLT_Mu9_IP5_part4_eff	=	0.007
HLT_Mu7_IP4_part0_eff	=	0.013
HLT_Mu7_IP4_part1_eff	=	0.013
HLT_Mu7_IP4_part2_eff	=	0.013
HLT_Mu7_IP4_part3_eff	=	0.013
HLT_Mu7_IP4_part4_eff	=	0.013
HLT_Mu9_IP4_part0_eff	=	0.013
HLT_Mu9_IP4_part1_eff	=	0.013
HLT_Mu9_IP4_part2_eff	=	0.013
HLT_Mu9_IP4_part3_eff	=	0.013
HLT_Mu9_IP4_part4_eff	=	0.013
HLT_Mu8_IP5_part0_eff	=	0.007
HLT_Mu8_IP5_part1_eff	=	0.007
HLT_Mu8_IP5_part2_eff	=	0.007
HLT_Mu8_IP5_part3_eff	=	0.007
HLT_Mu8_IP5_part4_eff	=	0.007
HLT_Mu8_IP6_part0_eff	=	0.006
HLT_Mu8_IP6_part1_eff	=	0.006
HLT_Mu8_IP6_part2_eff	=	0.006
HLT_Mu8_IP6_part3_eff	=	0.006
HLT_Mu8_IP6_part4_eff	=	0.006
HLT_Mu9_IP6_part0_eff	=	0.006
HLT_Mu9_IP6_part1_eff	=	0.006
HLT_Mu9_IP6_part2_eff	=	0.006
HLT_Mu9_IP6_part3_eff	=	0.006
HLT_Mu9_IP6_part4_eff	=	0.006
HLT_Mu8_IP3_part0_eff	=	0.018
HLT_Mu8_IP3_part1_eff	=	0.018
HLT_Mu8_IP3_part2_eff	=	0.018
HLT_Mu8_IP3_part3_eff	=	0.018
HLT_Mu8_IP3_part4_eff	=	0.018
HLT_QuadPFJet105_88_76_15_DoublePFBTagDeepCSV_1p3_7p7_VBF1_eff	=	0.0
HLT_TrkMu6NoFiltersNoVtx_eff	=	0.422
HLT_TrkMu16NoFiltersNoVtx_eff	=	0.359
HLT_DoubleTrkMu_16_6_NoFiltersNoVtx_eff	=	0.065
HLTriggerFinalPath_eff	=	0.0
